# vsim -coverage -l apb_multiple_access.log -c test_bench -voptargs="+cover=bcesft" -assertdebug -do "coverage save -onexit apb_multiple_access.ucdb; log -r /*;run -all" 
# Start time: 20:36:29 on Jul 10,2025
# ** Note: (vsim-3812) Design is being optimized...
# ** Warning: ../tb/test_bench.v(28): (vopt-2685) [TFMPC] - Too few port connections for 'u_timer_top'.  Expected 13, found 12.
# ** Warning: ../tb/test_bench.v(28): (vopt-2718) [TFMPC] - Missing connection for port 'tim_pstrb'.
# ** Note: (vsim-12126) Error and warning message counts have been restored: Errors=0, Warnings=2.
# //  Questa Intel Starter FPGA Edition-64
# //  Version 2023.3 linux_x86_64 Jul 17 2023
# //
# //  Copyright 1991-2023 Mentor Graphics Corporation
# //  All Rights Reserved.
# //
# //  QuestaSim and its associated documentation contain trade
# //  secrets and commercial or financial information that are the property of
# //  Mentor Graphics Corporation and are privileged, confidential,
# //  and exempt from disclosure under the Freedom of Information Act,
# //  5 U.S.C. Section 552. Furthermore, this information
# //  is prohibited from disclosure under the Trade Secrets Act,
# //  18 U.S.C. Section 1905.
# //
# Loading work.test_bench(fast)
# coverage save -onexit apb_multiple_access.ucdb
#  log -r /*
# run -all
# Write data = 32'hffffff00 at add : 12'h04
# Write data = 32'hffffffff at add : 12'h08
# [INFO] RO check task
# -----------------------------------------------
# t=       476 PASS: rdata = 32'hffffff00 at addr 12'h04 is correct
# ----------------------------------------------
# [INFO] RO check task
# -----------------------------------------------
# t=       626 PASS: rdata = 32'hffffffff at addr 12'h08 is correct
# ----------------------------------------------
# [INFO] RW check task
# Write data = 32'hffffffff at addr: 12'h04
# ---------------------------------------------------
# t=       926 PASS: rdata = 32'hffffffff at addr 12'h04 is correct
# -----------------------------------------------------
# [INFO] RW check task
# Write data = 32'hfffffffe at addr: 12'h08
# ---------------------------------------------------
# t=      1226 PASS: rdata = 32'hfffffffe at addr 12'h08 is correct
# -----------------------------------------------------
# Test_result PASSED
# ** Note: $finish    : ../tb/test_bench.v(61)
#    Time: 1375 ns  Iteration: 0  Instance: /test_bench
# Saving coverage database on exit...
# End time: 20:36:32 on Jul 10,2025, Elapsed time: 0:00:03
# Errors: 0, Warnings: 2
