# vsim -coverage -l reg_reserved_chk.log -c test_bench -voptargs="+cover=bcesft" -assertdebug -do "coverage save -onexit reg_reserved_chk.ucdb; log -r /*;run -all" 
# Start time: 20:36:52 on Jul 10,2025
# ** Note: (vsim-3813) Design is being optimized due to module recompilation...
# ** Warning: ../tb/test_bench.v(28): (vopt-2685) [TFMPC] - Too few port connections for 'u_timer_top'.  Expected 13, found 12.
# ** Warning: ../tb/test_bench.v(28): (vopt-2718) [TFMPC] - Missing connection for port 'tim_pstrb'.
# ** Note: (vsim-12126) Error and warning message counts have been restored: Errors=0, Warnings=2.
# //  Questa Intel Starter FPGA Edition-64
# //  Version 2023.3 linux_x86_64 Jul 17 2023
# //
# //  Copyright 1991-2023 Mentor Graphics Corporation
# //  All Rights Reserved.
# //
# //  QuestaSim and its associated documentation contain trade
# //  secrets and commercial or financial information that are the property of
# //  Mentor Graphics Corporation and are privileged, confidential,
# //  and exempt from disclosure under the Freedom of Information Act,
# //  5 U.S.C. Section 552. Furthermore, this information
# //  is prohibited from disclosure under the Trade Secrets Act,
# //  18 U.S.C. Section 1905.
# //
# Loading work.test_bench(fast)
# coverage save -onexit reg_reserved_chk.ucdb
#  log -r /*
# run -all
# Write data = 32'h00000203 at add : 12'h00
# Write data = 32'h00000001 at add : 12'h1c
# Write data = 32'h00000000 at add : 12'h1c
# Write data = 32'h00000001 at add : 12'h1c
# Test_result PASSED
# ** Note: $finish    : ../tb/test_bench.v(61)
#    Time: 2075 ns  Iteration: 0  Instance: /test_bench
# Saving coverage database on exit...
# End time: 20:36:54 on Jul 10,2025, Elapsed time: 0:00:02
# Errors: 0, Warnings: 2
