|-----------------------------------------------------------------------------------------------|
| PAT_NAME                                | RUN_DATE                      | RESULT              |
|-----------------------------------------------------------------------------------------------|
| apb_multiple_access                     | 20:36:32 Jul 10 2025          | PASSED              |
|-----------------------------------------------------------------------------------------------|
| apb_protocol_chk                        | 20:36:35 Jul 10 2025          | PASSED              |
|-----------------------------------------------------------------------------------------------|
| cnt_ctrl_chk                            | 20:36:39 Jul 10 2025          | PASSED              |
|-----------------------------------------------------------------------------------------------|
| interrupt_chk                           | 20:36:43 Jul 10 2025          | PASSED              |
|-----------------------------------------------------------------------------------------------|
| reg_1hot_chk                            | 20:36:46 Jul 10 2025          | PASSED              |
|-----------------------------------------------------------------------------------------------|
| reg_init_chk                            | 20:36:51 Jul 10 2025          | PASSED              |
|-----------------------------------------------------------------------------------------------|
| reg_reserved_chk                        | 20:36:54 Jul 10 2025          | PASSED              |
|-----------------------------------------------------------------------------------------------|
| reg_rw_chk                              | 20:36:59 Jul 10 2025          | PASSED              |
|-----------------------------------------------------------------------------------------------|
TOTAL/PASSED/REMAIN:8/8/0
